Arguments: 
  /Users/vnscriptkid/.nvm/versions/node/v14.18.1/bin/node /Users/vnscriptkid/.nvm/versions/node/v14.18.1/bin/yarn init

PATH: 
  /Users/vnscriptkid/Downloads/google-cloud-sdk/bin:/Users/vnscriptkid/.nvm/versions/node/v14.18.1/bin:/usr/local/bin:/usr/bin:/bin:/usr/sbin:/sbin:/Users/vnscriptkid/Downloads/google-cloud-sdk/bin:/Users/vnscriptkid/.nvm/versions/node/v14.18.1/bin

Yarn version: 
  1.22.17

Node version: 
  14.18.1

Platform: 
  darwin arm64

Trace: 
  Error: canceled
      at Interface.<anonymous> (/Users/vnscriptkid/.nvm/versions/node/v14.18.1/lib/node_modules/yarn/lib/cli.js:137143:13)
      at Interface.emit (events.js:400:28)
      at Interface._ttyWrite (readline.js:1001:16)
      at ReadStream.onkeypress (readline.js:265:10)
      at ReadStream.emit (events.js:400:28)
      at emitKeys (internal/readline/utils.js:358:14)
      at emitKeys.next (<anonymous>)
      at ReadStream.onData (readline.js:1270:36)
      at ReadStream.emit (events.js:400:28)
      at addChunk (internal/streams/readable.js:293:12)

npm manifest: 
  No manifest

yarn manifest: 
  No manifest

Lockfile: 
  No lockfile
